app/build/intermediates/manifest_merge_blame_file/debug/manifest-merger-blame-debug-report.txt
1<?xml version="1.0" encoding="utf-8"?>
2<manifest xmlns:android="http://schemas.android.com/apk/res/android"
3    package="ru.samsung.itschool.dbgame"
4    android:versionCode="1"
5    android:versionName="1.0" >
6
7    <uses-sdk
8        android:minSdkVersion="16"
8-->src/main/AndroidManifest.xml
9        android:targetSdkVersion="30" />
9-->src/main/AndroidManifest.xml
10
11    <uses-permission android:name="android.permission.WRITE_EXTERNAL_STORAGE" />
11-->src/main/AndroidManifest.xml:7:5-81
11-->src/main/AndroidManifest.xml:7:22-78
12    <uses-permission android:name="android.permission.READ_PHONE_STATE" />
12-->src/main/AndroidManifest.xml:8:5-75
12-->src/main/AndroidManifest.xml:8:22-72
13    <uses-permission android:name="android.permission.READ_EXTERNAL_STORAGE" />
13-->src/main/AndroidManifest.xml:9:5-80
13-->src/main/AndroidManifest.xml:9:22-77
14
15    <application
15-->src/main/AndroidManifest.xml:11:5-28:19
16        android:appComponentFactory="androidx.core.app.CoreComponentFactory"
16-->[androidx.core:core:1.0.0] AndroidManifest.xml:22:18-86
17        android:debuggable="true"
18        android:icon="@drawable/smallgreen"
18-->src/main/AndroidManifest.xml:12:9-44
19        android:label="@string/app_name"
19-->src/main/AndroidManifest.xml:13:9-41
20        android:testOnly="true"
21        android:theme="@style/AppTheme" >
21-->src/main/AndroidManifest.xml:14:9-40
22        <activity
22-->src/main/AndroidManifest.xml:15:9-23:20
23            android:name="ru.samsung.itschool.dbgame.MainActivity"
23-->src/main/AndroidManifest.xml:16:13-41
24            android:label="@string/app_name" >
24-->src/main/AndroidManifest.xml:17:13-45
25            <intent-filter>
25-->src/main/AndroidManifest.xml:18:13-22:29
26                <action android:name="android.intent.action.MAIN" />
26-->src/main/AndroidManifest.xml:19:17-69
26-->src/main/AndroidManifest.xml:19:25-66
27
28                <category android:name="android.intent.category.LAUNCHER" />
28-->src/main/AndroidManifest.xml:21:17-77
28-->src/main/AndroidManifest.xml:21:27-74
29            </intent-filter>
30        </activity>
31        <activity
31-->src/main/AndroidManifest.xml:24:9-26:68
32            android:name="ru.samsung.itschool.dbgame.HoFActivity"
32-->src/main/AndroidManifest.xml:25:13-40
33            android:label="@string/title_activity_ho_f" />
33-->src/main/AndroidManifest.xml:26:13-56
34        <activity android:name="ru.samsung.itschool.dbgame.StatActivity" />
34-->src/main/AndroidManifest.xml:27:9-59
34-->src/main/AndroidManifest.xml:27:19-47
35    </application>
36
37</manifest>